# JRE version: OpenJDK Runtime Environment (23.0.1+11) (build 23.0.1+11-39)
# Java VM: OpenJDK 64-Bit Server VM (23.0.1+11-39, mixed mode, emulated-client, sharing, tiered, compressed oops, compressed class ptrs, g1 gc, windows-amd64)
GC Precious Log:
 CardTable entry size: 512
 Card Set container configuration: InlinePtr #cards 4 size 8 Array Of Cards #cards 32 size 80 Howl #buckets 8 coarsen threshold 7372 Howl Bitmap #cards 1024 size 144 coarsen threshold 921 Card regions per heap region 1 cards per card region 8192
 CPUs: 8 total, 8 available
 Memory: 32640M
 Large Page Support: Disabled
 NUMA Support: Disabled
 Compressed Oops: Enabled (Zero based)
 Heap Region Size: 4M
 Heap Min Capacity: 8M
 Heap Initial Capacity: 512M
 Heap Max Capacity: 8164M
 Pre-touch: Disabled
 Parallel Workers: 8
 Concurrent Workers: 2
 Concurrent Refinement Workers: 8
 Periodic GC: Disabled
Heap:
 garbage-first heap   total reserved 8359936K, committed 73728K, used 39140K [0x0000000601c00000, 0x0000000800000000)
  region size 4096K, 3 young (12288K), 1 survivors (4096K)
 Metaspace       used 73776K, committed 74880K, reserved 1114112K
  class space    used 10742K, committed 11136K, reserved 1048576K
GC Heap History (20 events):
Event: 7.665 GC heap before
{Heap before GC invocations=10 (full 0):
 garbage-first heap   total reserved 8359936K, committed 69632K, used 48593K [0x0000000601c00000, 0x0000000800000000)
  region size 4096K, 8 young (32768K), 1 survivors (4096K)
 Metaspace       used 51586K, committed 52224K, reserved 1114112K
  class space    used 7353K, committed 7616K, reserved 1048576K
}
Event: 7.671 GC heap after
{Heap after GC invocations=11 (full 0):
 garbage-first heap   total reserved 8359936K, committed 69632K, used 26010K [0x0000000601c00000, 0x0000000800000000)
  region size 4096K, 1 young (4096K), 1 survivors (4096K)
 Metaspace       used 51586K, committed 52224K, reserved 1114112K
  class space    used 7353K, committed 7616K, reserved 1048576K
}
Event: 8.406 GC heap before
{Heap before GC invocations=11 (full 0):
 garbage-first heap   total reserved 8359936K, committed 69632K, used 54682K [0x0000000601c00000, 0x0000000800000000)
  region size 4096K, 8 young (32768K), 1 survivors (4096K)
 Metaspace       used 58276K, committed 58880K, reserved 1114112K
  class space    used 8450K, committed 8704K, reserved 1048576K
}
Event: 8.410 GC heap after
{Heap after GC invocations=12 (full 0):
 garbage-first heap   total reserved 8359936K, committed 69632K, used 27096K [0x0000000601c00000, 0x0000000800000000)
  region size 4096K, 1 young (4096K), 1 survivors (4096K)
 Metaspace       used 58276K, committed 58880K, reserved 1114112K
  class space    used 8450K, committed 8704K, reserved 1048576K
}
Event: 8.570 GC heap before
{Heap before GC invocations=12 (full 0):
 garbage-first heap   total reserved 8359936K, committed 69632K, used 31192K [0x0000000601c00000, 0x0000000800000000)
  region size 4096K, 3 young (12288K), 1 survivors (4096K)
 Metaspace       used 60172K, committed 60800K, reserved 1114112K
  class space    used 8725K, committed 8960K, reserved 1048576K
}
Event: 8.575 GC heap after
{Heap after GC invocations=13 (full 0):
 garbage-first heap   total reserved 8359936K, committed 69632K, used 27390K [0x0000000601c00000, 0x0000000800000000)
  region size 4096K, 1 young (4096K), 1 survivors (4096K)
 Metaspace       used 60172K, committed 60800K, reserved 1114112K
  class space    used 8725K, committed 8960K, reserved 1048576K
}
Event: 9.534 GC heap before
{Heap before GC invocations=14 (full 0):
 garbage-first heap   total reserved 8359936K, committed 69632K, used 56062K [0x0000000601c00000, 0x0000000800000000)
  region size 4096K, 8 young (32768K), 1 survivors (4096K)
 Metaspace       used 65464K, committed 66048K, reserved 1114112K
  class space    used 9538K, committed 9792K, reserved 1048576K
}
Event: 9.539 GC heap after
{Heap after GC invocations=15 (full 0):
 garbage-first heap   total reserved 8359936K, committed 69632K, used 29653K [0x0000000601c00000, 0x0000000800000000)
  region size 4096K, 1 young (4096K), 1 survivors (4096K)
 Metaspace       used 65464K, committed 66048K, reserved 1114112K
  class space    used 9538K, committed 9792K, reserved 1048576K
}
Event: 10.286 GC heap before
{Heap before GC invocations=15 (full 0):
 garbage-first heap   total reserved 8359936K, committed 69632K, used 58325K [0x0000000601c00000, 0x0000000800000000)
  region size 4096K, 8 young (32768K), 1 survivors (4096K)
 Metaspace       used 68906K, committed 69696K, reserved 1114112K
  class space    used 10081K, committed 10432K, reserved 1048576K
}
Event: 10.297 GC heap after
{Heap after GC invocations=16 (full 0):
 garbage-first heap   total reserved 8359936K, committed 73728K, used 31670K [0x0000000601c00000, 0x0000000800000000)
  region size 4096K, 1 young (4096K), 1 survivors (4096K)
 Metaspace       used 68906K, committed 69696K, reserved 1114112K
  class space    used 10081K, committed 10432K, reserved 1048576K
}
Event: 40.598 GC heap before
{Heap before GC invocations=16 (full 0):
 garbage-first heap   total reserved 8359936K, committed 73728K, used 60342K [0x0000000601c00000, 0x0000000800000000)
  region size 4096K, 8 young (32768K), 1 survivors (4096K)
 Metaspace       used 73363K, committed 74112K, reserved 1114112K
  class space    used 10743K, committed 11072K, reserved 1048576K
}
Event: 40.603 GC heap after
{Heap after GC invocations=17 (full 0):
 garbage-first heap   total reserved 8359936K, committed 73728K, used 35395K [0x0000000601c00000, 0x0000000800000000)
  region size 4096K, 1 young (4096K), 1 survivors (4096K)
 Metaspace       used 73363K, committed 74112K, reserved 1114112K
  class space    used 10743K, committed 11072K, reserved 1048576K
}
Event: 2657.288 GC heap before
{Heap before GC invocations=17 (full 0):
 garbage-first heap   total reserved 8359936K, committed 73728K, used 64067K [0x0000000601c00000, 0x0000000800000000)
  region size 4096K, 8 young (32768K), 1 survivors (4096K)
 Metaspace       used 74119K, committed 74880K, reserved 1114112K
  class space    used 10840K, committed 11136K, reserved 1048576K
}
Event: 2657.292 GC heap after
{Heap after GC invocations=18 (full 0):
 garbage-first heap   total reserved 8359936K, committed 73728K, used 36791K [0x0000000601c00000, 0x0000000800000000)
  region size 4096K, 1 young (4096K), 1 survivors (4096K)
 Metaspace       used 74119K, committed 74880K, reserved 1114112K
  class space    used 10840K, committed 11136K, reserved 1048576K
}
Event: 3605.225 GC heap before
{Heap before GC invocations=18 (full 0):
 garbage-first heap   total reserved 8359936K, committed 73728K, used 61367K [0x0000000601c00000, 0x0000000800000000)
  region size 4096K, 7 young (28672K), 1 survivors (4096K)
 Metaspace       used 74124K, committed 74880K, reserved 1114112K
  class space    used 10842K, committed 11136K, reserved 1048576K
}
Event: 3605.230 GC heap after
{Heap after GC invocations=19 (full 0):
 garbage-first heap   total reserved 8359936K, committed 73728K, used 36918K [0x0000000601c00000, 0x0000000800000000)
  region size 4096K, 1 young (4096K), 1 survivors (4096K)
 Metaspace       used 74124K, committed 74880K, reserved 1114112K
  class space    used 10842K, committed 11136K, reserved 1048576K
}
Event: 65894.489 GC heap before
{Heap before GC invocations=20 (full 0):
 garbage-first heap   total reserved 8359936K, committed 73728K, used 61494K [0x0000000601c00000, 0x0000000800000000)
  region size 4096K, 7 young (28672K), 1 survivors (4096K)
 Metaspace       used 73766K, committed 74880K, reserved 1114112K
  class space    used 10740K, committed 11136K, reserved 1048576K
}
Event: 65894.492 GC heap after
{Heap after GC invocations=21 (full 0):
 garbage-first heap   total reserved 8359936K, committed 73728K, used 38250K [0x0000000601c00000, 0x0000000800000000)
  region size 4096K, 1 young (4096K), 1 survivors (4096K)
 Metaspace       used 73766K, committed 74880K, reserved 1114112K
  class space    used 10740K, committed 11136K, reserved 1048576K
}
Event: 73023.527 GC heap before
{Heap before GC invocations=21 (full 0):
 garbage-first heap   total reserved 8359936K, committed 73728K, used 62826K [0x0000000601c00000, 0x0000000800000000)
  region size 4096K, 7 young (28672K), 1 survivors (4096K)
 Metaspace       used 73770K, committed 74880K, reserved 1114112K
  class space    used 10741K, committed 11136K, reserved 1048576K
}
Event: 73023.540 GC heap after
{Heap after GC invocations=22 (full 0):
 garbage-first heap   total reserved 8359936K, committed 73728K, used 35044K [0x0000000601c00000, 0x0000000800000000)
  region size 4096K, 1 young (4096K), 1 survivors (4096K)
 Metaspace       used 73770K, committed 74880K, reserved 1114112K
  class space    used 10741K, committed 11136K, reserved 1048576K
}

